<?xml version="1.0" encoding="UTF-8" ?>
<testsuite tests="13" failures="0" name="demo.Test2" time="0.015" errors="0" skipped="0">
  <properties>
[...]
</properties>
  <testcase classname="demo.Test2" name="testMain" time="0.01"/>
  <testcase classname="demo.Test2" name="testObject" time="0"/>
  <testcase classname="demo.Test2" name="testGetClass" time="0"/>
  <testcase classname="demo.Test2" name="testHashCode" time="0"/>
  <testcase classname="demo.Test2" name="testEquals" time="0"/>
  <testcase classname="demo.Test2" name="testWaitLong" time="0.001"/>
  <testcase classname="demo.Test2" name="testNotify" time="0"/>
  <testcase classname="demo.Test2" name="testClone" time="0"/>
  <testcase classname="demo.Test2" name="testNotifyAll" time="0.001"/>
  <testcase classname="demo.Test2" name="testWait" time="0.001"/>
  <testcase classname="demo.Test2" name="testFinalize" time="0"/>
  <testcase classname="demo.Test2" name="testWaitLongInt" time="0.001"/>
  <testcase classname="demo.Test2" name="testToString" time="0.001"/>
</testsuite>