<?xml version="1.0" encoding="UTF-8" ?>
<testsuite errors="0" failures="0" hostname="ltw7-engg-rajesh" name="easymockproject.ClassTestedTest" tests="3" time="0.092" timestamp="2010-09-09T14:00:19">
  <properties>
[...]
</properties>
  <testcase classname="easymockproject.ClassTestedTest" name="testAddCollaborator" time="0.02" />
  <testcase classname="easymockproject.ClassTestedTest" name="testAddDocumentMoreTimes" time="0.0050" />
  <testcase classname="easymockproject.ClassTestedTest" name="testMain" time="0.0" />
  <system-out><![CDATA[addCollaborator
addDocument
main
]]></system-out>
  <system-err><![CDATA[]]></system-err>
</testsuite>
